<?xml version="1.0" encoding="UTF-8"?>
<testng-results skipped="0" failed="0" ignored="0" total="1" passed="1">
  <reporter-output>
  </reporter-output>
  <suite name="example suite 1" duration-ms="1276" started-at="2018-12-31T11:11:24Z" finished-at="2018-12-31T11:11:25Z">
    <groups>
      <group name="cucumber">
        <method signature="AbstractTestNGCucumberTests.feature(cucumber.api.testng.CucumberFeatureWrapper)[pri:0, instance:com.app.testRunner.TestRunner@3869f4]" name="feature" class="cucumber.api.testng.AbstractTestNGCucumberTests"/>
      </group> <!-- cucumber -->
    </groups>
    <test name="Regression suite 1" duration-ms="1276" started-at="2018-12-31T11:11:24Z" finished-at="2018-12-31T11:11:25Z">
      <class name="com.app.testRunner.TestRunner">
        <test-method status="PASS" signature="setUpClass()[pri:0, instance:com.app.testRunner.TestRunner@3869f4]" name="setUpClass" is-config="true" duration-ms="808" started-at="2018-12-31T11:11:24Z" finished-at="2018-12-31T11:11:25Z">
          <reporter-output>
          </reporter-output>
        </test-method> <!-- setUpClass -->
        <test-method status="PASS" signature="feature(cucumber.api.testng.CucumberFeatureWrapper)[pri:0, instance:com.app.testRunner.TestRunner@3869f4]" name="feature" duration-ms="20" started-at="2018-12-31T11:11:25Z" description="Runs Cucumber Feature" data-provider="features" finished-at="2018-12-31T11:11:25Z">
          <params>
            <param index="0">
              <value>
                <![CDATA[PHPTravels Login]]>
              </value>
            </param>
          </params>
          <reporter-output>
          </reporter-output>
        </test-method> <!-- feature -->
        <test-method status="PASS" signature="tearDownClass()[pri:0, instance:com.app.testRunner.TestRunner@3869f4]" name="tearDownClass" is-config="true" duration-ms="13" started-at="2018-12-31T11:11:25Z" finished-at="2018-12-31T11:11:25Z">
          <reporter-output>
          </reporter-output>
        </test-method> <!-- tearDownClass -->
      </class> <!-- com.app.testRunner.TestRunner -->
    </test> <!-- Regression suite 1 -->
  </suite> <!-- example suite 1 -->
</testng-results>
